<?xml version="1.0" encoding="UTF-8"?>
<!-- Generated by org.testng.reporters.JUnitXMLReporter -->
<testsuite ignored="0" hostname="unknownA483E7E2A077" failures="0" tests="3" name="Test" time="26.889" errors="0" timestamp="29 Apr 2020 15:51:43 GMT">
  <testcase classname="remoteTesting.dockerValidation.chromeTest1" name="test1" time="2.757"/>
  <testcase classname="remoteTesting.dockerValidation.chromeTest2" name="test2" time="3.621"/>
  <testcase classname="remoteTesting.dockerValidation.chromeTest3" name="test3" time="3.953"/>
</testsuite> <!-- Test -->
